[2025-11-17T23:21:32.897+0000] {local_task_job_runner.py:123} INFO - ::group::Pre task execution logs
[2025-11-17T23:21:32.927+0000] {taskinstance.py:2612} INFO - Dependencies all met for dep_context=non-requeueable deps ti=<TaskInstance: demo_pjan_pipeline.load_demo_pjan_to_sqlserver manual__2025-11-17T23:10:29.752622+00:00 [queued]>
[2025-11-17T23:21:32.938+0000] {taskinstance.py:2612} INFO - Dependencies all met for dep_context=requeueable deps ti=<TaskInstance: demo_pjan_pipeline.load_demo_pjan_to_sqlserver manual__2025-11-17T23:10:29.752622+00:00 [queued]>
[2025-11-17T23:21:32.938+0000] {taskinstance.py:2865} INFO - Starting attempt 2 of 2
[2025-11-17T23:21:32.983+0000] {taskinstance.py:2888} INFO - Executing <Task(BashOperator): load_demo_pjan_to_sqlserver> on 2025-11-17 23:10:29.752622+00:00
[2025-11-17T23:21:32.994+0000] {logging_mixin.py:190} WARNING - /home/***/.local/lib/python3.12/site-packages/***/task/task_runner/standard_task_runner.py:70 DeprecationWarning: This process (pid=206) is multi-threaded, use of fork() may lead to deadlocks in the child.
[2025-11-17T23:21:32.995+0000] {standard_task_runner.py:72} INFO - Started process 209 to run task
[2025-11-17T23:21:32.995+0000] {standard_task_runner.py:104} INFO - Running: ['***', 'tasks', 'run', 'demo_pjan_pipeline', 'load_demo_pjan_to_sqlserver', 'manual__2025-11-17T23:10:29.752622+00:00', '--job-id', '78', '--raw', '--subdir', 'DAGS_FOLDER/demo_pjan_pipeline.py', '--cfg-path', '/tmp/tmp29onb067']
[2025-11-17T23:21:32.999+0000] {standard_task_runner.py:105} INFO - Job 78: Subtask load_demo_pjan_to_sqlserver
[2025-11-17T23:21:33.054+0000] {task_command.py:467} INFO - Running <TaskInstance: demo_pjan_pipeline.load_demo_pjan_to_sqlserver manual__2025-11-17T23:10:29.752622+00:00 [running]> on host b8619ff4df0a
[2025-11-17T23:21:33.204+0000] {taskinstance.py:3131} INFO - Exporting env vars: AIRFLOW_CTX_DAG_OWNER='***' AIRFLOW_CTX_DAG_ID='demo_pjan_pipeline' AIRFLOW_CTX_TASK_ID='load_demo_pjan_to_sqlserver' AIRFLOW_CTX_EXECUTION_DATE='2025-11-17T23:10:29.752622+00:00' AIRFLOW_CTX_TRY_NUMBER='2' AIRFLOW_CTX_DAG_RUN_ID='manual__2025-11-17T23:10:29.752622+00:00'
[2025-11-17T23:21:33.206+0000] {taskinstance.py:731} INFO - ::endgroup::
[2025-11-17T23:21:33.316+0000] {subprocess.py:63} INFO - Tmp dir root location: /tmp
[2025-11-17T23:21:33.318+0000] {subprocess.py:75} INFO - Running command: ['/usr/bin/bash', '-c', 'cd /opt/***/project && python src/load/demo_pjan_to_sqlserver.py']
[2025-11-17T23:21:33.346+0000] {subprocess.py:86} INFO - Output:
[2025-11-17T23:21:40.538+0000] {subprocess.py:93} INFO - Driver-at e disponueshëm nga pyodbc: ['ODBC Driver 18 for SQL Server']
[2025-11-17T23:21:40.547+0000] {subprocess.py:93} INFO - RUNNING_IN_DOCKER: False
[2025-11-17T23:21:40.549+0000] {subprocess.py:93} INFO - SQLSERVER_HOST që po përdoret: localhost
[2025-11-17T23:21:40.550+0000] {subprocess.py:93} INFO - SQLSERVER_CONN_STR:
[2025-11-17T23:21:40.551+0000] {subprocess.py:93} INFO - DRIVER={ODBC Driver 18 for SQL Server};SERVER=localhost,1433;DATABASE=EUDWH;UID=sa;PWD=Dokleat123.;Encrypt=no;TrustServerCertificate=yes;
[2025-11-17T23:21:40.552+0000] {subprocess.py:93} INFO - Lexoj Parquet nga: data/lake/silver/demo_pjan/demo_pjan.parquet
[2025-11-17T23:21:40.552+0000] {subprocess.py:93} INFO - Kolonat origjinale në DataFrame: ['Time frequency', 'Unit of measure', 'Age class', 'Sex', 'Geopolitical entity (reporting)', 'Time', 'measure_value']
[2025-11-17T23:21:40.553+0000] {subprocess.py:93} INFO - Kolonat pas rename: ['Time frequency', 'Unit of measure', 'Age class', 'Sex', 'geo', 'time', 'measure_value']
[2025-11-17T23:21:40.553+0000] {subprocess.py:93} INFO - Shembull rreshtash pas transformimit:
[2025-11-17T23:21:40.554+0000] {subprocess.py:93} INFO -    time                                        geo  measure_value
[2025-11-17T23:21:40.554+0000] {subprocess.py:93} INFO - 0  2015  European Union - 27 countries (from 2020)    442924865.0
[2025-11-17T23:21:40.555+0000] {subprocess.py:93} INFO - 1  2016  European Union - 27 countries (from 2020)    444003268.0
[2025-11-17T23:21:40.556+0000] {subprocess.py:93} INFO - 2  2017  European Union - 27 countries (from 2020)    444670605.0
[2025-11-17T23:21:40.557+0000] {subprocess.py:93} INFO - 3  2018  European Union - 27 countries (from 2020)    445301376.0
[2025-11-17T23:21:40.558+0000] {subprocess.py:93} INFO - 4  2019  European Union - 27 countries (from 2020)    446149924.0
[2025-11-17T23:21:40.560+0000] {subprocess.py:93} INFO - Po lidhem me SQL Server me connection string...
[2025-11-17T23:21:40.560+0000] {subprocess.py:93} INFO - Traceback (most recent call last):
[2025-11-17T23:21:40.561+0000] {subprocess.py:93} INFO -   File "/opt/***/project/src/load/demo_pjan_to_sqlserver.py", line 183, in <module>
[2025-11-17T23:21:40.565+0000] {subprocess.py:93} INFO -     main()
[2025-11-17T23:21:40.566+0000] {subprocess.py:93} INFO -   File "/opt/***/project/src/load/demo_pjan_to_sqlserver.py", line 165, in main
[2025-11-17T23:21:40.567+0000] {subprocess.py:93} INFO -     conn = get_connection()
[2025-11-17T23:21:40.567+0000] {subprocess.py:93} INFO -            ^^^^^^^^^^^^^^^^
[2025-11-17T23:21:40.568+0000] {subprocess.py:93} INFO -   File "/opt/***/project/src/load/demo_pjan_to_sqlserver.py", line 39, in get_connection
[2025-11-17T23:21:40.569+0000] {subprocess.py:93} INFO -     conn = pyodbc.connect(SQLSERVER_CONN_STR, timeout=5)
[2025-11-17T23:21:40.569+0000] {subprocess.py:93} INFO -            ^^^^^^^^^^^^^^^^^^^^^^^^^^^^^^^^^^^^^^^^^^^^^
[2025-11-17T23:21:40.569+0000] {subprocess.py:93} INFO - pyodbc.OperationalError: ('HYT00', '[HYT00] [Microsoft][ODBC Driver 18 for SQL Server]Login timeout expired (0) (SQLDriverConnect)')
[2025-11-17T23:21:40.714+0000] {subprocess.py:97} INFO - Command exited with return code 1
[2025-11-17T23:21:40.754+0000] {taskinstance.py:3310} ERROR - Task failed with exception
Traceback (most recent call last):
  File "/home/airflow/.local/lib/python3.12/site-packages/airflow/models/taskinstance.py", line 767, in _execute_task
    result = _execute_callable(context=context, **execute_callable_kwargs)
             ^^^^^^^^^^^^^^^^^^^^^^^^^^^^^^^^^^^^^^^^^^^^^^^^^^^^^^^^^^^^^
  File "/home/airflow/.local/lib/python3.12/site-packages/airflow/models/taskinstance.py", line 733, in _execute_callable
    return ExecutionCallableRunner(
           ^^^^^^^^^^^^^^^^^^^^^^^^
  File "/home/airflow/.local/lib/python3.12/site-packages/airflow/utils/operator_helpers.py", line 252, in run
    return self.func(*args, **kwargs)
           ^^^^^^^^^^^^^^^^^^^^^^^^^^
  File "/home/airflow/.local/lib/python3.12/site-packages/airflow/models/baseoperator.py", line 406, in wrapper
    return func(self, *args, **kwargs)
           ^^^^^^^^^^^^^^^^^^^^^^^^^^^
  File "/home/airflow/.local/lib/python3.12/site-packages/airflow/operators/bash.py", line 249, in execute
    raise AirflowException(
airflow.exceptions.AirflowException: Bash command failed. The command returned a non-zero exit code 1.
[2025-11-17T23:21:40.763+0000] {taskinstance.py:1225} INFO - Marking task as FAILED. dag_id=demo_pjan_pipeline, task_id=load_demo_pjan_to_sqlserver, run_id=manual__2025-11-17T23:10:29.752622+00:00, execution_date=20251117T231029, start_date=20251117T232132, end_date=20251117T232140
[2025-11-17T23:21:40.783+0000] {taskinstance.py:340} INFO - ::group::Post task execution logs
[2025-11-17T23:21:40.784+0000] {standard_task_runner.py:124} ERROR - Failed to execute job 78 for task load_demo_pjan_to_sqlserver (Bash command failed. The command returned a non-zero exit code 1.; 209)
Traceback (most recent call last):
  File "/home/airflow/.local/lib/python3.12/site-packages/airflow/task/task_runner/standard_task_runner.py", line 117, in _start_by_fork
    ret = args.func(args, dag=self.dag)
          ^^^^^^^^^^^^^^^^^^^^^^^^^^^^^
  File "/home/airflow/.local/lib/python3.12/site-packages/airflow/cli/cli_config.py", line 49, in command
    return func(*args, **kwargs)
           ^^^^^^^^^^^^^^^^^^^^^
  File "/home/airflow/.local/lib/python3.12/site-packages/airflow/utils/cli.py", line 115, in wrapper
    return f(*args, **kwargs)
           ^^^^^^^^^^^^^^^^^^
  File "/home/airflow/.local/lib/python3.12/site-packages/airflow/cli/commands/task_command.py", line 483, in task_run
    task_return_code = _run_task_by_selected_method(args, _dag, ti)
                       ^^^^^^^^^^^^^^^^^^^^^^^^^^^^^^^^^^^^^^^^^^^^
  File "/home/airflow/.local/lib/python3.12/site-packages/airflow/cli/commands/task_command.py", line 256, in _run_task_by_selected_method
    return _run_raw_task(args, ti)
           ^^^^^^^^^^^^^^^^^^^^^^^
  File "/home/airflow/.local/lib/python3.12/site-packages/airflow/cli/commands/task_command.py", line 341, in _run_raw_task
    return ti._run_raw_task(
           ^^^^^^^^^^^^^^^^^
  File "/home/airflow/.local/lib/python3.12/site-packages/airflow/utils/session.py", line 97, in wrapper
    return func(*args, session=session, **kwargs)
           ^^^^^^^^^^^^^^^^^^^^^^^^^^^^^^^^^^^^^^
  File "/home/airflow/.local/lib/python3.12/site-packages/airflow/models/taskinstance.py", line 3004, in _run_raw_task
    return _run_raw_task(
           ^^^^^^^^^^^^^^
  File "/home/airflow/.local/lib/python3.12/site-packages/airflow/models/taskinstance.py", line 273, in _run_raw_task
    TaskInstance._execute_task_with_callbacks(
  File "/home/airflow/.local/lib/python3.12/site-packages/airflow/models/taskinstance.py", line 3158, in _execute_task_with_callbacks
    result = self._execute_task(context, task_orig)
             ^^^^^^^^^^^^^^^^^^^^^^^^^^^^^^^^^^^^^^
  File "/home/airflow/.local/lib/python3.12/site-packages/airflow/models/taskinstance.py", line 3182, in _execute_task
    return _execute_task(self, context, task_orig)
           ^^^^^^^^^^^^^^^^^^^^^^^^^^^^^^^^^^^^^^^
  File "/home/airflow/.local/lib/python3.12/site-packages/airflow/models/taskinstance.py", line 767, in _execute_task
    result = _execute_callable(context=context, **execute_callable_kwargs)
             ^^^^^^^^^^^^^^^^^^^^^^^^^^^^^^^^^^^^^^^^^^^^^^^^^^^^^^^^^^^^^
  File "/home/airflow/.local/lib/python3.12/site-packages/airflow/models/taskinstance.py", line 733, in _execute_callable
    return ExecutionCallableRunner(
           ^^^^^^^^^^^^^^^^^^^^^^^^
  File "/home/airflow/.local/lib/python3.12/site-packages/airflow/utils/operator_helpers.py", line 252, in run
    return self.func(*args, **kwargs)
           ^^^^^^^^^^^^^^^^^^^^^^^^^^
  File "/home/airflow/.local/lib/python3.12/site-packages/airflow/models/baseoperator.py", line 406, in wrapper
    return func(self, *args, **kwargs)
           ^^^^^^^^^^^^^^^^^^^^^^^^^^^
  File "/home/airflow/.local/lib/python3.12/site-packages/airflow/operators/bash.py", line 249, in execute
    raise AirflowException(
airflow.exceptions.AirflowException: Bash command failed. The command returned a non-zero exit code 1.
[2025-11-17T23:21:40.820+0000] {local_task_job_runner.py:266} INFO - Task exited with return code 1
[2025-11-17T23:21:40.860+0000] {taskinstance.py:3900} INFO - 0 downstream tasks scheduled from follow-on schedule check
[2025-11-17T23:21:40.861+0000] {local_task_job_runner.py:245} INFO - ::endgroup::
