[2025-11-18T00:00:32.260+0000] {local_task_job_runner.py:123} INFO - ::group::Pre task execution logs
[2025-11-18T00:00:32.472+0000] {taskinstance.py:2612} INFO - Dependencies all met for dep_context=non-requeueable deps ti=<TaskInstance: migr_pop2ctz_pipeline.load_migr_pop2ctz_to_sqlserver scheduled__2025-11-17T00:00:00+00:00 [queued]>
[2025-11-18T00:00:32.527+0000] {taskinstance.py:2612} INFO - Dependencies all met for dep_context=requeueable deps ti=<TaskInstance: migr_pop2ctz_pipeline.load_migr_pop2ctz_to_sqlserver scheduled__2025-11-17T00:00:00+00:00 [queued]>
[2025-11-18T00:00:32.528+0000] {taskinstance.py:2865} INFO - Starting attempt 1 of 2
[2025-11-18T00:00:32.599+0000] {taskinstance.py:2888} INFO - Executing <Task(BashOperator): load_migr_pop2ctz_to_sqlserver> on 2025-11-17 00:00:00+00:00
[2025-11-18T00:00:32.673+0000] {logging_mixin.py:190} WARNING - /home/***/.local/lib/python3.12/site-packages/***/task/task_runner/standard_task_runner.py:70 DeprecationWarning: This process (pid=865) is multi-threaded, use of fork() may lead to deadlocks in the child.
[2025-11-18T00:00:32.689+0000] {standard_task_runner.py:72} INFO - Started process 867 to run task
[2025-11-18T00:00:32.673+0000] {standard_task_runner.py:104} INFO - Running: ['***', 'tasks', 'run', 'migr_pop2ctz_pipeline', 'load_migr_pop2ctz_to_sqlserver', 'scheduled__2025-11-17T00:00:00+00:00', '--job-id', '98', '--raw', '--subdir', 'DAGS_FOLDER/migr_pop2ctz_pipeline.py', '--cfg-path', '/tmp/tmpmyuvyexu']
[2025-11-18T00:00:32.695+0000] {standard_task_runner.py:105} INFO - Job 98: Subtask load_migr_pop2ctz_to_sqlserver
[2025-11-18T00:00:32.999+0000] {task_command.py:467} INFO - Running <TaskInstance: migr_pop2ctz_pipeline.load_migr_pop2ctz_to_sqlserver scheduled__2025-11-17T00:00:00+00:00 [running]> on host 83ca0fe0c31e
[2025-11-18T00:00:33.227+0000] {taskinstance.py:3131} INFO - Exporting env vars: AIRFLOW_CTX_DAG_OWNER='***' AIRFLOW_CTX_DAG_ID='migr_pop2ctz_pipeline' AIRFLOW_CTX_TASK_ID='load_migr_pop2ctz_to_sqlserver' AIRFLOW_CTX_EXECUTION_DATE='2025-11-17T00:00:00+00:00' AIRFLOW_CTX_TRY_NUMBER='1' AIRFLOW_CTX_DAG_RUN_ID='scheduled__2025-11-17T00:00:00+00:00'
[2025-11-18T00:00:33.233+0000] {taskinstance.py:731} INFO - ::endgroup::
[2025-11-18T00:00:33.326+0000] {subprocess.py:63} INFO - Tmp dir root location: /tmp
[2025-11-18T00:00:33.329+0000] {subprocess.py:75} INFO - Running command: ['/usr/bin/bash', '-c', 'cd /opt/***/project && python src/load/migr_pop2ctz_to_sqlserver.py']
[2025-11-18T00:00:33.377+0000] {subprocess.py:86} INFO - Output:
[2025-11-18T00:00:41.504+0000] {subprocess.py:93} INFO - Driver-at e disponueshëm nga pyodbc: ['ODBC Driver 18 for SQL Server']
[2025-11-18T00:00:41.533+0000] {subprocess.py:93} INFO - RUNNING_IN_DOCKER: True
[2025-11-18T00:00:41.536+0000] {subprocess.py:93} INFO - SQLSERVER_HOST që po përdoret: sqlserver
[2025-11-18T00:00:41.540+0000] {subprocess.py:93} INFO - SQLSERVER_CONN_STR:
[2025-11-18T00:00:41.542+0000] {subprocess.py:93} INFO - DRIVER={ODBC Driver 18 for SQL Server};SERVER=sqlserver,1433;DATABASE=EUDWH;UID=sa;PWD=Dokleat123.;Encrypt=no;TrustServerCertificate=yes;
[2025-11-18T00:00:41.546+0000] {subprocess.py:93} INFO - Lexoj Parquet nga: data/lake/silver/migr_pop2ctz/migr_pop2ctz.parquet
[2025-11-18T00:00:41.551+0000] {subprocess.py:93} INFO - Kolonat origjinale në DataFrame: ['Time frequency', 'age', 'Country of citizenship', 'unit', 'sex', 'geo', 'time', 'measure_value']
[2025-11-18T00:00:41.552+0000] {subprocess.py:93} INFO - Kolonat pas rename: ['Time frequency', 'age', 'citizenship', 'unit', 'sex', 'geo', 'time', 'measure_value']
[2025-11-18T00:00:41.554+0000] {subprocess.py:93} INFO - Shembull rreshtash pas transformimit:
[2025-11-18T00:00:41.557+0000] {subprocess.py:93} INFO -    time                                        geo  ... measure_value    unit
[2025-11-18T00:00:41.558+0000] {subprocess.py:93} INFO - 0  2015  European Union - 27 countries (from 2020)  ...    29561861.0  Number
[2025-11-18T00:00:41.558+0000] {subprocess.py:93} INFO - 1  2016  European Union - 27 countries (from 2020)  ...    31184854.0  Number
[2025-11-18T00:00:41.562+0000] {subprocess.py:93} INFO - 2  2017  European Union - 27 countries (from 2020)  ...    32239244.0  Number
[2025-11-18T00:00:41.571+0000] {subprocess.py:93} INFO - 3  2018  European Union - 27 countries (from 2020)  ...    33610281.0  Number
[2025-11-18T00:00:41.573+0000] {subprocess.py:93} INFO - 4  2019  European Union - 27 countries (from 2020)  ...    34984203.0  Number
[2025-11-18T00:00:41.575+0000] {subprocess.py:93} INFO - 
[2025-11-18T00:00:41.579+0000] {subprocess.py:93} INFO - [5 rows x 5 columns]
[2025-11-18T00:00:41.581+0000] {subprocess.py:93} INFO - Po lidhem me SQL Server me connection string...
[2025-11-18T00:00:41.588+0000] {subprocess.py:93} INFO - Traceback (most recent call last):
[2025-11-18T00:00:41.589+0000] {subprocess.py:93} INFO -   File "/opt/***/project/src/load/migr_pop2ctz_to_sqlserver.py", line 195, in <module>
[2025-11-18T00:00:41.591+0000] {subprocess.py:93} INFO -     main()
[2025-11-18T00:00:41.594+0000] {subprocess.py:93} INFO -   File "/opt/***/project/src/load/migr_pop2ctz_to_sqlserver.py", line 177, in main
[2025-11-18T00:00:41.600+0000] {subprocess.py:93} INFO -     conn = get_connection()
[2025-11-18T00:00:41.602+0000] {subprocess.py:93} INFO -            ^^^^^^^^^^^^^^^^
[2025-11-18T00:00:41.605+0000] {subprocess.py:93} INFO -   File "/opt/***/project/src/load/migr_pop2ctz_to_sqlserver.py", line 39, in get_connection
[2025-11-18T00:00:41.616+0000] {subprocess.py:93} INFO -     conn = pyodbc.connect(SQLSERVER_CONN_STR, timeout=5)
[2025-11-18T00:00:41.620+0000] {subprocess.py:93} INFO -            ^^^^^^^^^^^^^^^^^^^^^^^^^^^^^^^^^^^^^^^^^^^^^
[2025-11-18T00:00:41.621+0000] {subprocess.py:93} INFO - pyodbc.OperationalError: ('HYT00', '[HYT00] [Microsoft][ODBC Driver 18 for SQL Server]Login timeout expired (0) (SQLDriverConnect)')
[2025-11-18T00:00:42.472+0000] {subprocess.py:97} INFO - Command exited with return code 1
[2025-11-18T00:00:42.841+0000] {taskinstance.py:3310} ERROR - Task failed with exception
Traceback (most recent call last):
  File "/home/airflow/.local/lib/python3.12/site-packages/airflow/models/taskinstance.py", line 767, in _execute_task
    result = _execute_callable(context=context, **execute_callable_kwargs)
             ^^^^^^^^^^^^^^^^^^^^^^^^^^^^^^^^^^^^^^^^^^^^^^^^^^^^^^^^^^^^^
  File "/home/airflow/.local/lib/python3.12/site-packages/airflow/models/taskinstance.py", line 733, in _execute_callable
    return ExecutionCallableRunner(
           ^^^^^^^^^^^^^^^^^^^^^^^^
  File "/home/airflow/.local/lib/python3.12/site-packages/airflow/utils/operator_helpers.py", line 252, in run
    return self.func(*args, **kwargs)
           ^^^^^^^^^^^^^^^^^^^^^^^^^^
  File "/home/airflow/.local/lib/python3.12/site-packages/airflow/models/baseoperator.py", line 406, in wrapper
    return func(self, *args, **kwargs)
           ^^^^^^^^^^^^^^^^^^^^^^^^^^^
  File "/home/airflow/.local/lib/python3.12/site-packages/airflow/operators/bash.py", line 249, in execute
    raise AirflowException(
airflow.exceptions.AirflowException: Bash command failed. The command returned a non-zero exit code 1.
[2025-11-18T00:00:43.155+0000] {taskinstance.py:1225} INFO - Marking task as UP_FOR_RETRY. dag_id=migr_pop2ctz_pipeline, task_id=load_migr_pop2ctz_to_sqlserver, run_id=scheduled__2025-11-17T00:00:00+00:00, execution_date=20251117T000000, start_date=20251118T000032, end_date=20251118T000043
[2025-11-18T00:00:43.568+0000] {taskinstance.py:340} INFO - ::group::Post task execution logs
[2025-11-18T00:00:43.577+0000] {standard_task_runner.py:124} ERROR - Failed to execute job 98 for task load_migr_pop2ctz_to_sqlserver (Bash command failed. The command returned a non-zero exit code 1.; 867)
Traceback (most recent call last):
  File "/home/airflow/.local/lib/python3.12/site-packages/airflow/task/task_runner/standard_task_runner.py", line 117, in _start_by_fork
    ret = args.func(args, dag=self.dag)
          ^^^^^^^^^^^^^^^^^^^^^^^^^^^^^
  File "/home/airflow/.local/lib/python3.12/site-packages/airflow/cli/cli_config.py", line 49, in command
    return func(*args, **kwargs)
           ^^^^^^^^^^^^^^^^^^^^^
  File "/home/airflow/.local/lib/python3.12/site-packages/airflow/utils/cli.py", line 115, in wrapper
    return f(*args, **kwargs)
           ^^^^^^^^^^^^^^^^^^
  File "/home/airflow/.local/lib/python3.12/site-packages/airflow/cli/commands/task_command.py", line 483, in task_run
    task_return_code = _run_task_by_selected_method(args, _dag, ti)
                       ^^^^^^^^^^^^^^^^^^^^^^^^^^^^^^^^^^^^^^^^^^^^
  File "/home/airflow/.local/lib/python3.12/site-packages/airflow/cli/commands/task_command.py", line 256, in _run_task_by_selected_method
    return _run_raw_task(args, ti)
           ^^^^^^^^^^^^^^^^^^^^^^^
  File "/home/airflow/.local/lib/python3.12/site-packages/airflow/cli/commands/task_command.py", line 341, in _run_raw_task
    return ti._run_raw_task(
           ^^^^^^^^^^^^^^^^^
  File "/home/airflow/.local/lib/python3.12/site-packages/airflow/utils/session.py", line 97, in wrapper
    return func(*args, session=session, **kwargs)
           ^^^^^^^^^^^^^^^^^^^^^^^^^^^^^^^^^^^^^^
  File "/home/airflow/.local/lib/python3.12/site-packages/airflow/models/taskinstance.py", line 3004, in _run_raw_task
    return _run_raw_task(
           ^^^^^^^^^^^^^^
  File "/home/airflow/.local/lib/python3.12/site-packages/airflow/models/taskinstance.py", line 273, in _run_raw_task
    TaskInstance._execute_task_with_callbacks(
  File "/home/airflow/.local/lib/python3.12/site-packages/airflow/models/taskinstance.py", line 3158, in _execute_task_with_callbacks
    result = self._execute_task(context, task_orig)
             ^^^^^^^^^^^^^^^^^^^^^^^^^^^^^^^^^^^^^^
  File "/home/airflow/.local/lib/python3.12/site-packages/airflow/models/taskinstance.py", line 3182, in _execute_task
    return _execute_task(self, context, task_orig)
           ^^^^^^^^^^^^^^^^^^^^^^^^^^^^^^^^^^^^^^^
  File "/home/airflow/.local/lib/python3.12/site-packages/airflow/models/taskinstance.py", line 767, in _execute_task
    result = _execute_callable(context=context, **execute_callable_kwargs)
             ^^^^^^^^^^^^^^^^^^^^^^^^^^^^^^^^^^^^^^^^^^^^^^^^^^^^^^^^^^^^^
  File "/home/airflow/.local/lib/python3.12/site-packages/airflow/models/taskinstance.py", line 733, in _execute_callable
    return ExecutionCallableRunner(
           ^^^^^^^^^^^^^^^^^^^^^^^^
  File "/home/airflow/.local/lib/python3.12/site-packages/airflow/utils/operator_helpers.py", line 252, in run
    return self.func(*args, **kwargs)
           ^^^^^^^^^^^^^^^^^^^^^^^^^^
  File "/home/airflow/.local/lib/python3.12/site-packages/airflow/models/baseoperator.py", line 406, in wrapper
    return func(self, *args, **kwargs)
           ^^^^^^^^^^^^^^^^^^^^^^^^^^^
  File "/home/airflow/.local/lib/python3.12/site-packages/airflow/operators/bash.py", line 249, in execute
    raise AirflowException(
airflow.exceptions.AirflowException: Bash command failed. The command returned a non-zero exit code 1.
[2025-11-18T00:00:43.697+0000] {local_task_job_runner.py:266} INFO - Task exited with return code 1
[2025-11-18T00:00:44.023+0000] {taskinstance.py:3900} INFO - 0 downstream tasks scheduled from follow-on schedule check
[2025-11-18T00:00:44.033+0000] {local_task_job_runner.py:245} INFO - ::endgroup::
